<?xml version="1.0" encoding="UTF-8"?>
<!-- Generated by org.testng.reporters.JUnitReportReporter -->
<testsuite hostname="DESKTOP-T09JQ98" failures="0" tests="5" name="testCases.TC003_LoginDDT" time="58.002" errors="0" timestamp="2025-04-03T21:46:48 IST" skipped="0">
  <testcase classname="testCases.TC003_LoginDDT" name="verify_loginDDT" time="5.645"/>
  <testcase classname="testCases.TC003_LoginDDT" name="verify_loginDDT" time="7.579"/>
  <testcase classname="testCases.TC003_LoginDDT" name="verify_loginDDT" time="14.950"/>
  <testcase classname="testCases.TC003_LoginDDT" name="verify_loginDDT" time="15.121"/>
  <testcase classname="testCases.TC003_LoginDDT" name="verify_loginDDT" time="14.707"/>
</testsuite> <!-- testCases.TC003_LoginDDT -->
