<?xml version="1.0" encoding="UTF-8"?>
<!-- Generated by org.testng.reporters.JUnitReportReporter -->
<testsuite hostname="DESKTOP-T09JQ98" failures="0" tests="1" name="testCases.TC001_AccountRegistrationTest" time="11.819" errors="0" timestamp="2025-04-03T21:20:53 IST" skipped="0">
  <testcase classname="testCases.TC001_AccountRegistrationTest" name="verify_account_registration" time="11.819"/>
</testsuite> <!-- testCases.TC001_AccountRegistrationTest -->
